G:\PROJECTS\PSDPARSE\BUILD\LIB\DEBUG\CHANNEL.OBJ
G:\Projects\psdparse\build\lib\Debug\cl.command.1.tlog
G:\Projects\psdparse\build\lib\Debug\CL.read.1.tlog
G:\Projects\psdparse\build\lib\Debug\CL.write.1.tlog
G:\PROJECTS\PSDPARSE\BUILD\LIB\DEBUG\CONSTANTS.OBJ
G:\PROJECTS\PSDPARSE\BUILD\LIB\DEBUG\DESCRIPTOR.OBJ
G:\PROJECTS\PSDPARSE\BUILD\LIB\DEBUG\DUOTONE.OBJ
G:\PROJECTS\PSDPARSE\BUILD\LIB\DEBUG\EXTRA.OBJ
G:\PROJECTS\PSDPARSE\BUILD\LIB\DEBUG\GETOPT.OBJ
G:\PROJECTS\PSDPARSE\BUILD\LIB\DEBUG\ICC.OBJ
G:\PROJECTS\PSDPARSE\BUILD\LIB\DEBUG\LIBPSDPARSER.DLL
G:\PROJECTS\PSDPARSE\BUILD\LIB\DEBUG\LIBPSDPARSER.DLL.INTERMEDIATE.MANIFEST
G:\Projects\psdparse\build\lib\Debug\libpsdparser.exp
G:\PROJECTS\PSDPARSE\BUILD\LIB\DEBUG\LIBPSDPARSER.ILK
G:\Projects\psdparse\build\lib\Debug\libpsdparser.lib
G:\PROJECTS\PSDPARSE\BUILD\LIB\DEBUG\LIBPSDPARSER.PDB
G:\Projects\psdparse\build\lib\Debug\libpsdparser.write.1.tlog
G:\Projects\psdparse\build\lib\Debug\link.2132.read.1.tlog
G:\Projects\psdparse\build\lib\Debug\link.2132.write.1.tlog
G:\Projects\psdparse\build\lib\Debug\link.2468.read.1.tlog
G:\Projects\psdparse\build\lib\Debug\link.2468.write.1.tlog
G:\Projects\psdparse\build\lib\Debug\link.2704.read.1.tlog
G:\Projects\psdparse\build\lib\Debug\link.2704.write.1.tlog
G:\Projects\psdparse\build\lib\Debug\link.3100.read.1.tlog
G:\Projects\psdparse\build\lib\Debug\link.3100.write.1.tlog
G:\Projects\psdparse\build\lib\Debug\link.4036.read.1.tlog
G:\Projects\psdparse\build\lib\Debug\link.4036.write.1.tlog
G:\Projects\psdparse\build\lib\Debug\link.5324.read.1.tlog
G:\Projects\psdparse\build\lib\Debug\link.5324.write.1.tlog
G:\Projects\psdparse\build\lib\Debug\link.5548.read.1.tlog
G:\Projects\psdparse\build\lib\Debug\link.5548.write.1.tlog
G:\Projects\psdparse\build\lib\Debug\link.5768.read.1.tlog
G:\Projects\psdparse\build\lib\Debug\link.5768.write.1.tlog
G:\Projects\psdparse\build\lib\Debug\link.5836.read.1.tlog
G:\Projects\psdparse\build\lib\Debug\link.5836.write.1.tlog
G:\Projects\psdparse\build\lib\Debug\link.5844.read.1.tlog
G:\Projects\psdparse\build\lib\Debug\link.5844.write.1.tlog
G:\Projects\psdparse\build\lib\Debug\link.command.1.tlog
G:\Projects\psdparse\build\lib\Debug\link.read.1.tlog
G:\Projects\psdparse\build\lib\Debug\link.write.1.tlog
G:\PROJECTS\PSDPARSE\BUILD\LIB\DEBUG\MMAP_WIN.OBJ
G:\Projects\psdparse\build\lib\Debug\mt.command.1.tlog
G:\Projects\psdparse\build\lib\Debug\mt.read.1.tlog
G:\Projects\psdparse\build\lib\Debug\mt.write.1.tlog
G:\PROJECTS\PSDPARSE\BUILD\LIB\DEBUG\PACKBITS.OBJ
G:\PROJECTS\PSDPARSE\BUILD\LIB\DEBUG\PDF.OBJ
G:\PROJECTS\PSDPARSE\BUILD\LIB\DEBUG\PSD.OBJ
G:\PROJECTS\PSDPARSE\BUILD\LIB\DEBUG\PSD_ZIP.OBJ
G:\PROJECTS\PSDPARSE\BUILD\LIB\DEBUG\PSDPARSER.OBJ
G:\PROJECTS\PSDPARSE\BUILD\LIB\DEBUG\REBUILD.OBJ
G:\PROJECTS\PSDPARSE\BUILD\LIB\DEBUG\RESOURCES.OBJ
G:\PROJECTS\PSDPARSE\BUILD\LIB\DEBUG\SCAVENGE.OBJ
G:\PROJECTS\PSDPARSE\BUILD\LIB\DEBUG\UNPACKBITS.OBJ
G:\PROJECTS\PSDPARSE\BUILD\LIB\DEBUG\UTIL.OBJ
G:\Projects\psdparse\build\lib\Debug\vc100.idb
G:\PROJECTS\PSDPARSE\BUILD\LIB\DEBUG\VC100.PDB
G:\PROJECTS\PSDPARSE\BUILD\LIB\DEBUG\WRITE.OBJ
G:\PROJECTS\PSDPARSE\BUILD\LIB\DEBUG\WRITEPNG.OBJ
G:\PROJECTS\PSDPARSE\BUILD\LIB\DEBUG\WRITERAW.OBJ
